[0.138s] DEBUG:colcon:Command line arguments: ['/usr/bin/colcon', 'build', '--symlink-install']
[0.138s] DEBUG:colcon:Parsed command line arguments: Namespace(log_base=None, log_level=None, verb_name='build', build_base='build', install_base='install', merge_install=False, symlink_install=True, test_result_base=None, continue_on_error=False, executor='parallel', parallel_workers=4, event_handlers=None, ignore_user_meta=False, metas=['./colcon.meta'], base_paths=['.'], packages_ignore=None, packages_ignore_regex=None, paths=None, packages_up_to=None, packages_up_to_regex=None, packages_above=None, packages_above_and_dependencies=None, packages_above_depth=None, packages_select_by_dep=None, packages_skip_by_dep=None, packages_skip_up_to=None, packages_select_build_failed=False, packages_skip_build_finished=False, packages_select_test_failures=False, packages_skip_test_passed=False, packages_select=None, packages_skip=None, packages_select_regex=None, packages_skip_regex=None, packages_start=None, packages_end=None, cmake_args=None, cmake_target=None, cmake_target_skip_unavailable=False, cmake_clean_cache=False, cmake_clean_first=False, cmake_force_configure=False, ament_cmake_args=None, catkin_cmake_args=None, catkin_skip_building_tests=False, mixin_files=None, mixin=None, verb_parser=<colcon_mixin.mixin.mixin_argument.MixinArgumentDecorator object at 0x7ffee25b7d00>, verb_extension=<colcon_core.verb.build.BuildVerb object at 0x7ffee2819840>, main=<bound method BuildVerb.main of <colcon_core.verb.build.BuildVerb object at 0x7ffee2819840>>, mixin_verb=('build',))
[0.304s] Level 1:colcon.colcon_core.package_discovery:discover_packages(colcon_meta) check parameters
[0.305s] INFO:colcon.colcon_metadata.package_discovery.colcon_meta:Using configuration from '/root/.colcon/metadata/default/Gazebo.meta'
[0.305s] INFO:colcon.colcon_metadata.package_discovery.colcon_meta:Using configuration from '/root/.colcon/metadata/default/fastdds.meta'
[0.306s] INFO:colcon.colcon_metadata.package_discovery.colcon_meta:Using configuration from '/root/.colcon/metadata/default/fastrtps.meta'
[0.306s] Level 1:colcon.colcon_core.package_discovery:discover_packages(recursive) check parameters
[0.306s] Level 1:colcon.colcon_core.package_discovery:discover_packages(ignore) check parameters
[0.306s] Level 1:colcon.colcon_core.package_discovery:discover_packages(path) check parameters
[0.306s] Level 1:colcon.colcon_core.package_discovery:discover_packages(colcon_meta) discover
[0.306s] Level 1:colcon.colcon_core.package_discovery:discover_packages(recursive) discover
[0.306s] INFO:colcon.colcon_core.package_discovery:Crawling recursively for packages in '/root/ros_ws'
[0.306s] Level 1:colcon.colcon_core.package_identification:_identify(.) by extensions ['ignore', 'ignore_ament_install']
[0.306s] Level 1:colcon.colcon_core.package_identification:_identify(.) by extension 'ignore'
[0.306s] Level 1:colcon.colcon_core.package_identification:_identify(.) by extension 'ignore_ament_install'
[0.306s] Level 1:colcon.colcon_core.package_identification:_identify(.) by extensions ['colcon_pkg']
[0.306s] Level 1:colcon.colcon_core.package_identification:_identify(.) by extension 'colcon_pkg'
[0.306s] Level 1:colcon.colcon_core.package_identification:_identify(.) by extensions ['colcon_meta']
[0.306s] Level 1:colcon.colcon_core.package_identification:_identify(.) by extension 'colcon_meta'
[0.306s] Level 1:colcon.colcon_core.package_identification:_identify(.) by extensions ['ros']
[0.306s] Level 1:colcon.colcon_core.package_identification:_identify(.) by extension 'ros'
[0.320s] Level 1:colcon.colcon_core.package_identification:_identify(.) by extensions ['cmake', 'python']
[0.321s] Level 1:colcon.colcon_core.package_identification:_identify(.) by extension 'cmake'
[0.321s] Level 1:colcon.colcon_core.package_identification:_identify(.) by extension 'python'
[0.321s] Level 1:colcon.colcon_core.package_identification:_identify(.) by extensions ['python_setup_py']
[0.321s] Level 1:colcon.colcon_core.package_identification:_identify(.) by extension 'python_setup_py'
[0.321s] Level 1:colcon.colcon_core.package_identification:_identify(build) by extensions ['ignore', 'ignore_ament_install']
[0.321s] Level 1:colcon.colcon_core.package_identification:_identify(build) by extension 'ignore'
[0.321s] Level 1:colcon.colcon_core.package_identification:_identify(build) ignored
[0.321s] Level 1:colcon.colcon_core.package_identification:_identify(install) by extensions ['ignore', 'ignore_ament_install']
[0.321s] Level 1:colcon.colcon_core.package_identification:_identify(install) by extension 'ignore'
[0.321s] Level 1:colcon.colcon_core.package_identification:_identify(install) ignored
[0.321s] Level 1:colcon.colcon_core.package_identification:_identify(log) by extensions ['ignore', 'ignore_ament_install']
[0.322s] Level 1:colcon.colcon_core.package_identification:_identify(log) by extension 'ignore'
[0.322s] Level 1:colcon.colcon_core.package_identification:_identify(log) ignored
[0.322s] Level 1:colcon.colcon_core.package_identification:_identify(src) by extensions ['ignore', 'ignore_ament_install']
[0.322s] Level 1:colcon.colcon_core.package_identification:_identify(src) by extension 'ignore'
[0.322s] Level 1:colcon.colcon_core.package_identification:_identify(src) by extension 'ignore_ament_install'
[0.322s] Level 1:colcon.colcon_core.package_identification:_identify(src) by extensions ['colcon_pkg']
[0.322s] Level 1:colcon.colcon_core.package_identification:_identify(src) by extension 'colcon_pkg'
[0.322s] Level 1:colcon.colcon_core.package_identification:_identify(src) by extensions ['colcon_meta']
[0.322s] Level 1:colcon.colcon_core.package_identification:_identify(src) by extension 'colcon_meta'
[0.322s] Level 1:colcon.colcon_core.package_identification:_identify(src) by extensions ['ros']
[0.322s] Level 1:colcon.colcon_core.package_identification:_identify(src) by extension 'ros'
[0.322s] Level 1:colcon.colcon_core.package_identification:_identify(src) by extensions ['cmake', 'python']
[0.322s] Level 1:colcon.colcon_core.package_identification:_identify(src) by extension 'cmake'
[0.322s] Level 1:colcon.colcon_core.package_identification:_identify(src) by extension 'python'
[0.322s] Level 1:colcon.colcon_core.package_identification:_identify(src) by extensions ['python_setup_py']
[0.322s] Level 1:colcon.colcon_core.package_identification:_identify(src) by extension 'python_setup_py'
[0.322s] Level 1:colcon.colcon_core.package_identification:_identify(src/exo_control) by extensions ['ignore', 'ignore_ament_install']
[0.323s] Level 1:colcon.colcon_core.package_identification:_identify(src/exo_control) by extension 'ignore'
[0.323s] Level 1:colcon.colcon_core.package_identification:_identify(src/exo_control) by extension 'ignore_ament_install'
[0.323s] Level 1:colcon.colcon_core.package_identification:_identify(src/exo_control) by extensions ['colcon_pkg']
[0.323s] Level 1:colcon.colcon_core.package_identification:_identify(src/exo_control) by extension 'colcon_pkg'
[0.323s] Level 1:colcon.colcon_core.package_identification:_identify(src/exo_control) by extensions ['colcon_meta']
[0.323s] Level 1:colcon.colcon_core.package_identification:_identify(src/exo_control) by extension 'colcon_meta'
[0.323s] Level 1:colcon.colcon_core.package_identification:_identify(src/exo_control) by extensions ['ros']
[0.323s] Level 1:colcon.colcon_core.package_identification:_identify(src/exo_control) by extension 'ros'
[0.326s] DEBUG:colcon.colcon_core.package_identification:Package 'src/exo_control' with type 'ros.ament_cmake' and name 'exo_control'
[0.327s] Level 1:colcon.colcon_core.package_identification:_identify(src/gait_estimator) by extensions ['ignore', 'ignore_ament_install']
[0.327s] Level 1:colcon.colcon_core.package_identification:_identify(src/gait_estimator) by extension 'ignore'
[0.327s] Level 1:colcon.colcon_core.package_identification:_identify(src/gait_estimator) by extension 'ignore_ament_install'
[0.327s] Level 1:colcon.colcon_core.package_identification:_identify(src/gait_estimator) by extensions ['colcon_pkg']
[0.327s] Level 1:colcon.colcon_core.package_identification:_identify(src/gait_estimator) by extension 'colcon_pkg'
[0.327s] Level 1:colcon.colcon_core.package_identification:_identify(src/gait_estimator) by extensions ['colcon_meta']
[0.327s] Level 1:colcon.colcon_core.package_identification:_identify(src/gait_estimator) by extension 'colcon_meta'
[0.327s] Level 1:colcon.colcon_core.package_identification:_identify(src/gait_estimator) by extensions ['ros']
[0.327s] Level 1:colcon.colcon_core.package_identification:_identify(src/gait_estimator) by extension 'ros'
[0.328s] DEBUG:colcon.colcon_core.package_identification:Package 'src/gait_estimator' with type 'ros.ament_cmake' and name 'gait_estimator'
[0.328s] Level 1:colcon.colcon_core.package_discovery:discover_packages(recursive) using defaults
[0.328s] Level 1:colcon.colcon_core.package_discovery:discover_packages(ignore) discover
[0.328s] Level 1:colcon.colcon_core.package_discovery:discover_packages(ignore) using defaults
[0.328s] Level 1:colcon.colcon_core.package_discovery:discover_packages(path) discover
[0.328s] Level 1:colcon.colcon_core.package_discovery:discover_packages(path) using defaults
[0.350s] Level 5:colcon.colcon_core.verb:set package 'exo_control' build argument 'cmake_args' from command line to 'None'
[0.350s] Level 5:colcon.colcon_core.verb:set package 'exo_control' build argument 'cmake_target' from command line to 'None'
[0.350s] Level 5:colcon.colcon_core.verb:set package 'exo_control' build argument 'cmake_target_skip_unavailable' from command line to 'False'
[0.350s] Level 5:colcon.colcon_core.verb:set package 'exo_control' build argument 'cmake_clean_cache' from command line to 'False'
[0.350s] Level 5:colcon.colcon_core.verb:set package 'exo_control' build argument 'cmake_clean_first' from command line to 'False'
[0.350s] Level 5:colcon.colcon_core.verb:set package 'exo_control' build argument 'cmake_force_configure' from command line to 'False'
[0.350s] Level 5:colcon.colcon_core.verb:set package 'exo_control' build argument 'ament_cmake_args' from command line to 'None'
[0.350s] Level 5:colcon.colcon_core.verb:set package 'exo_control' build argument 'catkin_cmake_args' from command line to 'None'
[0.350s] Level 5:colcon.colcon_core.verb:set package 'exo_control' build argument 'catkin_skip_building_tests' from command line to 'False'
[0.350s] DEBUG:colcon.colcon_core.verb:Building package 'exo_control' with the following arguments: {'ament_cmake_args': None, 'build_base': '/root/ros_ws/build/exo_control', 'catkin_cmake_args': None, 'catkin_skip_building_tests': False, 'cmake_args': None, 'cmake_clean_cache': False, 'cmake_clean_first': False, 'cmake_force_configure': False, 'cmake_target': None, 'cmake_target_skip_unavailable': False, 'install_base': '/root/ros_ws/install/exo_control', 'merge_install': False, 'path': '/root/ros_ws/src/exo_control', 'symlink_install': True, 'test_result_base': None}
[0.351s] Level 5:colcon.colcon_core.verb:set package 'gait_estimator' build argument 'cmake_args' from command line to 'None'
[0.351s] Level 5:colcon.colcon_core.verb:set package 'gait_estimator' build argument 'cmake_target' from command line to 'None'
[0.351s] Level 5:colcon.colcon_core.verb:set package 'gait_estimator' build argument 'cmake_target_skip_unavailable' from command line to 'False'
[0.351s] Level 5:colcon.colcon_core.verb:set package 'gait_estimator' build argument 'cmake_clean_cache' from command line to 'False'
[0.351s] Level 5:colcon.colcon_core.verb:set package 'gait_estimator' build argument 'cmake_clean_first' from command line to 'False'
[0.351s] Level 5:colcon.colcon_core.verb:set package 'gait_estimator' build argument 'cmake_force_configure' from command line to 'False'
[0.351s] Level 5:colcon.colcon_core.verb:set package 'gait_estimator' build argument 'ament_cmake_args' from command line to 'None'
[0.351s] Level 5:colcon.colcon_core.verb:set package 'gait_estimator' build argument 'catkin_cmake_args' from command line to 'None'
[0.351s] Level 5:colcon.colcon_core.verb:set package 'gait_estimator' build argument 'catkin_skip_building_tests' from command line to 'False'
[0.351s] DEBUG:colcon.colcon_core.verb:Building package 'gait_estimator' with the following arguments: {'ament_cmake_args': None, 'build_base': '/root/ros_ws/build/gait_estimator', 'catkin_cmake_args': None, 'catkin_skip_building_tests': False, 'cmake_args': None, 'cmake_clean_cache': False, 'cmake_clean_first': False, 'cmake_force_configure': False, 'cmake_target': None, 'cmake_target_skip_unavailable': False, 'install_base': '/root/ros_ws/install/gait_estimator', 'merge_install': False, 'path': '/root/ros_ws/src/gait_estimator', 'symlink_install': True, 'test_result_base': None}
[0.351s] INFO:colcon.colcon_core.executor:Executing jobs using 'parallel' executor
[0.352s] DEBUG:colcon.colcon_parallel_executor.executor.parallel:run_until_complete
[0.353s] INFO:colcon.colcon_ros.task.ament_cmake.build:Building ROS package in '/root/ros_ws/src/exo_control' with build type 'ament_cmake'
[0.353s] INFO:colcon.colcon_cmake.task.cmake.build:Building CMake package in '/root/ros_ws/src/exo_control'
[0.355s] INFO:colcon.colcon_core.plugin_system:Skipping extension 'colcon_core.shell.bat': Not used on non-Windows systems
[0.355s] INFO:colcon.colcon_core.shell:Skip shell extension 'powershell' for command environment: Not usable outside of PowerShell
[0.356s] DEBUG:colcon.colcon_core.shell:Skip shell extension 'dsv' for command environment
[0.356s] WARNING:colcon.colcon_ros.prefix_path.ament:The path '/root/ros_ws/install/exo_control' in the environment variable AMENT_PREFIX_PATH doesn't exist
[0.357s] WARNING:colcon.colcon_ros.prefix_path.catkin:The path '/root/ros_ws/install/gait_estimator' in the environment variable CMAKE_PREFIX_PATH doesn't exist
[0.357s] WARNING:colcon.colcon_ros.prefix_path.catkin:The path '/root/ros_ws/install/exo_control' in the environment variable CMAKE_PREFIX_PATH doesn't exist
[0.363s] INFO:colcon.colcon_ros.task.ament_cmake.build:Building ROS package in '/root/ros_ws/src/gait_estimator' with build type 'ament_cmake'
[0.363s] INFO:colcon.colcon_cmake.task.cmake.build:Building CMake package in '/root/ros_ws/src/gait_estimator'
[0.364s] INFO:colcon.colcon_core.shell:Skip shell extension 'powershell' for command environment: Not usable outside of PowerShell
[0.364s] DEBUG:colcon.colcon_core.shell:Skip shell extension 'dsv' for command environment
[0.370s] DEBUG:colcon.colcon_core.event_handler.log_command:Invoking command in '/root/ros_ws/build/exo_control': CMAKE_PREFIX_PATH=${CMAKE_PREFIX_PATH}:/opt/ros/humble /usr/bin/cmake /root/ros_ws/src/exo_control -DAMENT_CMAKE_SYMLINK_INSTALL=1 -DCMAKE_INSTALL_PREFIX=/root/ros_ws/install/exo_control
[0.375s] DEBUG:colcon.colcon_core.event_handler.log_command:Invoking command in '/root/ros_ws/build/gait_estimator': CMAKE_PREFIX_PATH=${CMAKE_PREFIX_PATH}:/opt/ros/humble /usr/bin/cmake /root/ros_ws/src/gait_estimator -DAMENT_CMAKE_SYMLINK_INSTALL=1 -DCMAKE_INSTALL_PREFIX=/root/ros_ws/install/gait_estimator
[1.821s] DEBUG:colcon.colcon_core.event_handler.log_command:Invoked command in '/root/ros_ws/build/exo_control' returned '0': CMAKE_PREFIX_PATH=${CMAKE_PREFIX_PATH}:/opt/ros/humble /usr/bin/cmake /root/ros_ws/src/exo_control -DAMENT_CMAKE_SYMLINK_INSTALL=1 -DCMAKE_INSTALL_PREFIX=/root/ros_ws/install/exo_control
[1.825s] DEBUG:colcon.colcon_core.event_handler.log_command:Invoking command in '/root/ros_ws/build/exo_control': CMAKE_PREFIX_PATH=${CMAKE_PREFIX_PATH}:/opt/ros/humble /usr/bin/cmake --build /root/ros_ws/build/exo_control -- -j4 -l4
[1.834s] DEBUG:colcon.colcon_core.event_handler.log_command:Invoked command in '/root/ros_ws/build/gait_estimator' returned '0': CMAKE_PREFIX_PATH=${CMAKE_PREFIX_PATH}:/opt/ros/humble /usr/bin/cmake /root/ros_ws/src/gait_estimator -DAMENT_CMAKE_SYMLINK_INSTALL=1 -DCMAKE_INSTALL_PREFIX=/root/ros_ws/install/gait_estimator
[1.836s] DEBUG:colcon.colcon_core.event_handler.log_command:Invoking command in '/root/ros_ws/build/gait_estimator': CMAKE_PREFIX_PATH=${CMAKE_PREFIX_PATH}:/opt/ros/humble /usr/bin/cmake --build /root/ros_ws/build/gait_estimator -- -j4 -l4
[7.730s] DEBUG:colcon.colcon_core.event_handler.log_command:Invoked command in '/root/ros_ws/build/exo_control' returned '0': CMAKE_PREFIX_PATH=${CMAKE_PREFIX_PATH}:/opt/ros/humble /usr/bin/cmake --build /root/ros_ws/build/exo_control -- -j4 -l4
[7.740s] DEBUG:colcon.colcon_core.event_handler.log_command:Invoking command in '/root/ros_ws/build/exo_control': CMAKE_PREFIX_PATH=${CMAKE_PREFIX_PATH}:/opt/ros/humble /usr/bin/cmake --install /root/ros_ws/build/exo_control
[7.893s] Level 1:colcon.colcon_core.environment:create_environment_scripts_only(exo_control)
[7.893s] DEBUG:colcon.colcon_core.event_handler.log_command:Invoked command in '/root/ros_ws/build/exo_control' returned '0': CMAKE_PREFIX_PATH=${CMAKE_PREFIX_PATH}:/opt/ros/humble /usr/bin/cmake --install /root/ros_ws/build/exo_control
[7.896s] Level 1:colcon.colcon_core.environment:checking '/root/ros_ws/install/exo_control' for CMake module files
[7.897s] Level 1:colcon.colcon_core.environment:checking '/root/ros_ws/install/exo_control' for CMake config files
[7.897s] Level 1:colcon.colcon_core.shell:create_environment_hook('exo_control', 'cmake_prefix_path')
[7.898s] INFO:colcon.colcon_core.shell:Creating environment hook '/root/ros_ws/install/exo_control/share/exo_control/hook/cmake_prefix_path.ps1'
[7.899s] INFO:colcon.colcon_core.shell:Creating environment descriptor '/root/ros_ws/install/exo_control/share/exo_control/hook/cmake_prefix_path.dsv'
[7.899s] INFO:colcon.colcon_core.shell:Creating environment hook '/root/ros_ws/install/exo_control/share/exo_control/hook/cmake_prefix_path.sh'
[7.900s] Level 1:colcon.colcon_core.environment:checking '/root/ros_ws/install/exo_control/lib'
[7.900s] Level 1:colcon.colcon_core.environment:checking '/root/ros_ws/install/exo_control/bin'
[7.900s] Level 1:colcon.colcon_core.environment:checking '/root/ros_ws/install/exo_control/lib/pkgconfig/exo_control.pc'
[7.903s] Level 1:colcon.colcon_core.environment:checking '/root/ros_ws/install/exo_control/lib/python3.10/site-packages'
[7.903s] Level 1:colcon.colcon_core.environment:checking '/root/ros_ws/install/exo_control/bin'
[7.904s] INFO:colcon.colcon_core.shell:Creating package script '/root/ros_ws/install/exo_control/share/exo_control/package.ps1'
[7.905s] INFO:colcon.colcon_core.shell:Creating package descriptor '/root/ros_ws/install/exo_control/share/exo_control/package.dsv'
[7.906s] INFO:colcon.colcon_core.shell:Creating package script '/root/ros_ws/install/exo_control/share/exo_control/package.sh'
[7.907s] INFO:colcon.colcon_core.shell:Creating package script '/root/ros_ws/install/exo_control/share/exo_control/package.bash'
[7.908s] INFO:colcon.colcon_core.shell:Creating package script '/root/ros_ws/install/exo_control/share/exo_control/package.zsh'
[7.908s] Level 1:colcon.colcon_core.environment:create_file_with_runtime_dependencies(/root/ros_ws/install/exo_control/share/colcon-core/packages/exo_control)
[7.909s] Level 1:colcon.colcon_core.environment:create_environment_scripts_only(exo_control)
[7.910s] Level 1:colcon.colcon_core.environment:checking '/root/ros_ws/install/exo_control' for CMake module files
[7.910s] Level 1:colcon.colcon_core.environment:checking '/root/ros_ws/install/exo_control' for CMake config files
[7.910s] Level 1:colcon.colcon_core.shell:create_environment_hook('exo_control', 'cmake_prefix_path')
[7.911s] INFO:colcon.colcon_core.shell:Creating environment hook '/root/ros_ws/install/exo_control/share/exo_control/hook/cmake_prefix_path.ps1'
[7.911s] INFO:colcon.colcon_core.shell:Creating environment descriptor '/root/ros_ws/install/exo_control/share/exo_control/hook/cmake_prefix_path.dsv'
[7.918s] INFO:colcon.colcon_core.shell:Creating environment hook '/root/ros_ws/install/exo_control/share/exo_control/hook/cmake_prefix_path.sh'
[7.919s] Level 1:colcon.colcon_core.environment:checking '/root/ros_ws/install/exo_control/lib'
[7.919s] Level 1:colcon.colcon_core.environment:checking '/root/ros_ws/install/exo_control/bin'
[7.919s] Level 1:colcon.colcon_core.environment:checking '/root/ros_ws/install/exo_control/lib/pkgconfig/exo_control.pc'
[7.919s] Level 1:colcon.colcon_core.environment:checking '/root/ros_ws/install/exo_control/lib/python3.10/site-packages'
[7.920s] Level 1:colcon.colcon_core.environment:checking '/root/ros_ws/install/exo_control/bin'
[7.920s] INFO:colcon.colcon_core.shell:Creating package script '/root/ros_ws/install/exo_control/share/exo_control/package.ps1'
[7.921s] INFO:colcon.colcon_core.shell:Creating package descriptor '/root/ros_ws/install/exo_control/share/exo_control/package.dsv'
[7.922s] INFO:colcon.colcon_core.shell:Creating package script '/root/ros_ws/install/exo_control/share/exo_control/package.sh'
[7.923s] INFO:colcon.colcon_core.shell:Creating package script '/root/ros_ws/install/exo_control/share/exo_control/package.bash'
[7.925s] INFO:colcon.colcon_core.shell:Creating package script '/root/ros_ws/install/exo_control/share/exo_control/package.zsh'
[7.926s] Level 1:colcon.colcon_core.environment:create_file_with_runtime_dependencies(/root/ros_ws/install/exo_control/share/colcon-core/packages/exo_control)
[13.779s] DEBUG:colcon.colcon_core.event_handler.log_command:Invoked command in '/root/ros_ws/build/gait_estimator' returned '0': CMAKE_PREFIX_PATH=${CMAKE_PREFIX_PATH}:/opt/ros/humble /usr/bin/cmake --build /root/ros_ws/build/gait_estimator -- -j4 -l4
[13.779s] DEBUG:colcon.colcon_core.event_handler.log_command:Invoking command in '/root/ros_ws/build/gait_estimator': CMAKE_PREFIX_PATH=${CMAKE_PREFIX_PATH}:/opt/ros/humble /usr/bin/cmake --install /root/ros_ws/build/gait_estimator
[13.915s] Level 1:colcon.colcon_core.environment:create_environment_scripts_only(gait_estimator)
[13.916s] Level 1:colcon.colcon_core.environment:checking '/root/ros_ws/install/gait_estimator' for CMake module files
[13.916s] DEBUG:colcon.colcon_core.event_handler.log_command:Invoked command in '/root/ros_ws/build/gait_estimator' returned '0': CMAKE_PREFIX_PATH=${CMAKE_PREFIX_PATH}:/opt/ros/humble /usr/bin/cmake --install /root/ros_ws/build/gait_estimator
[13.917s] Level 1:colcon.colcon_core.environment:checking '/root/ros_ws/install/gait_estimator' for CMake config files
[13.917s] Level 1:colcon.colcon_core.shell:create_environment_hook('gait_estimator', 'cmake_prefix_path')
[13.917s] INFO:colcon.colcon_core.shell:Creating environment hook '/root/ros_ws/install/gait_estimator/share/gait_estimator/hook/cmake_prefix_path.ps1'
[13.918s] INFO:colcon.colcon_core.shell:Creating environment descriptor '/root/ros_ws/install/gait_estimator/share/gait_estimator/hook/cmake_prefix_path.dsv'
[13.918s] INFO:colcon.colcon_core.shell:Creating environment hook '/root/ros_ws/install/gait_estimator/share/gait_estimator/hook/cmake_prefix_path.sh'
[13.919s] Level 1:colcon.colcon_core.environment:checking '/root/ros_ws/install/gait_estimator/lib'
[13.919s] Level 1:colcon.colcon_core.environment:checking '/root/ros_ws/install/gait_estimator/bin'
[13.919s] Level 1:colcon.colcon_core.environment:checking '/root/ros_ws/install/gait_estimator/lib/pkgconfig/gait_estimator.pc'
[13.919s] Level 1:colcon.colcon_core.environment:checking '/root/ros_ws/install/gait_estimator/lib/python3.10/site-packages'
[13.920s] Level 1:colcon.colcon_core.environment:checking '/root/ros_ws/install/gait_estimator/bin'
[13.920s] INFO:colcon.colcon_core.shell:Creating package script '/root/ros_ws/install/gait_estimator/share/gait_estimator/package.ps1'
[13.921s] INFO:colcon.colcon_core.shell:Creating package descriptor '/root/ros_ws/install/gait_estimator/share/gait_estimator/package.dsv'
[13.922s] INFO:colcon.colcon_core.shell:Creating package script '/root/ros_ws/install/gait_estimator/share/gait_estimator/package.sh'
[13.922s] INFO:colcon.colcon_core.shell:Creating package script '/root/ros_ws/install/gait_estimator/share/gait_estimator/package.bash'
[13.922s] INFO:colcon.colcon_core.shell:Creating package script '/root/ros_ws/install/gait_estimator/share/gait_estimator/package.zsh'
[13.923s] Level 1:colcon.colcon_core.environment:create_file_with_runtime_dependencies(/root/ros_ws/install/gait_estimator/share/colcon-core/packages/gait_estimator)
[13.923s] Level 1:colcon.colcon_core.environment:create_environment_scripts_only(gait_estimator)
[13.924s] Level 1:colcon.colcon_core.environment:checking '/root/ros_ws/install/gait_estimator' for CMake module files
[13.924s] Level 1:colcon.colcon_core.environment:checking '/root/ros_ws/install/gait_estimator' for CMake config files
[13.924s] Level 1:colcon.colcon_core.shell:create_environment_hook('gait_estimator', 'cmake_prefix_path')
[13.925s] INFO:colcon.colcon_core.shell:Creating environment hook '/root/ros_ws/install/gait_estimator/share/gait_estimator/hook/cmake_prefix_path.ps1'
[13.925s] INFO:colcon.colcon_core.shell:Creating environment descriptor '/root/ros_ws/install/gait_estimator/share/gait_estimator/hook/cmake_prefix_path.dsv'
[13.932s] INFO:colcon.colcon_core.shell:Creating environment hook '/root/ros_ws/install/gait_estimator/share/gait_estimator/hook/cmake_prefix_path.sh'
[13.933s] Level 1:colcon.colcon_core.environment:checking '/root/ros_ws/install/gait_estimator/lib'
[13.933s] Level 1:colcon.colcon_core.environment:checking '/root/ros_ws/install/gait_estimator/bin'
[13.933s] Level 1:colcon.colcon_core.environment:checking '/root/ros_ws/install/gait_estimator/lib/pkgconfig/gait_estimator.pc'
[13.933s] Level 1:colcon.colcon_core.environment:checking '/root/ros_ws/install/gait_estimator/lib/python3.10/site-packages'
[13.934s] Level 1:colcon.colcon_core.environment:checking '/root/ros_ws/install/gait_estimator/bin'
[13.934s] INFO:colcon.colcon_core.shell:Creating package script '/root/ros_ws/install/gait_estimator/share/gait_estimator/package.ps1'
[13.935s] INFO:colcon.colcon_core.shell:Creating package descriptor '/root/ros_ws/install/gait_estimator/share/gait_estimator/package.dsv'
[13.935s] INFO:colcon.colcon_core.shell:Creating package script '/root/ros_ws/install/gait_estimator/share/gait_estimator/package.sh'
[13.936s] INFO:colcon.colcon_core.shell:Creating package script '/root/ros_ws/install/gait_estimator/share/gait_estimator/package.bash'
[13.937s] INFO:colcon.colcon_core.shell:Creating package script '/root/ros_ws/install/gait_estimator/share/gait_estimator/package.zsh'
[13.938s] Level 1:colcon.colcon_core.environment:create_file_with_runtime_dependencies(/root/ros_ws/install/gait_estimator/share/colcon-core/packages/gait_estimator)
[13.939s] DEBUG:colcon.colcon_parallel_executor.executor.parallel:closing loop
[13.939s] DEBUG:colcon.colcon_parallel_executor.executor.parallel:loop closed
[13.939s] DEBUG:colcon.colcon_parallel_executor.executor.parallel:run_until_complete finished with '0'
[13.939s] DEBUG:colcon.colcon_core.event_reactor:joining thread
[13.945s] INFO:colcon.colcon_core.plugin_system:Skipping extension 'colcon_notification.desktop_notification.notify_send': Could not find 'notify-send'
[13.946s] INFO:colcon.colcon_core.plugin_system:Skipping extension 'colcon_notification.desktop_notification.terminal_notifier': Not used on non-Darwin systems
[13.946s] INFO:colcon.colcon_core.plugin_system:Skipping extension 'colcon_notification.desktop_notification.win32': Not used on non-Windows systems
[13.946s] INFO:colcon.colcon_notification.desktop_notification:Sending desktop notification using 'notify2'
[13.946s] DEBUG:colcon.colcon_notification.desktop_notification.notify2:Failed to initialize notify2: org.freedesktop.DBus.Error.NotSupported: Unable to autolaunch a dbus-daemon without a $DISPLAY for X11
[13.946s] DEBUG:colcon.colcon_core.event_reactor:joined thread
[13.946s] INFO:colcon.colcon_core.shell:Creating prefix script '/root/ros_ws/install/local_setup.ps1'
[13.947s] INFO:colcon.colcon_core.shell:Creating prefix util module '/root/ros_ws/install/_local_setup_util_ps1.py'
[13.949s] INFO:colcon.colcon_core.shell:Creating prefix chain script '/root/ros_ws/install/setup.ps1'
[13.950s] INFO:colcon.colcon_core.shell:Creating prefix script '/root/ros_ws/install/local_setup.sh'
[13.951s] INFO:colcon.colcon_core.shell:Creating prefix util module '/root/ros_ws/install/_local_setup_util_sh.py'
[13.951s] INFO:colcon.colcon_core.shell:Creating prefix chain script '/root/ros_ws/install/setup.sh'
[13.952s] INFO:colcon.colcon_core.shell:Creating prefix script '/root/ros_ws/install/local_setup.bash'
[13.953s] INFO:colcon.colcon_core.shell:Creating prefix chain script '/root/ros_ws/install/setup.bash'
[13.954s] INFO:colcon.colcon_core.shell:Creating prefix script '/root/ros_ws/install/local_setup.zsh'
[13.954s] INFO:colcon.colcon_core.shell:Creating prefix chain script '/root/ros_ws/install/setup.zsh'
