[0.016s] Invoking command in '/root/ros_ws/build/exo_control': CMAKE_PREFIX_PATH=${CMAKE_PREFIX_PATH}:/opt/ros/humble /usr/bin/cmake /root/ros_ws/src/exo_control -DAMENT_CMAKE_SYMLINK_INSTALL=1 -DCMAKE_INSTALL_PREFIX=/root/ros_ws/install/exo_control
[0.094s] -- The C compiler identification is GNU 11.4.0
[0.166s] -- The CXX compiler identification is GNU 11.4.0
[0.174s] -- Detecting C compiler ABI info
[0.262s] -- Detecting C compiler ABI info - done
[0.273s] -- Check for working C compiler: /usr/bin/cc - skipped
[0.273s] -- Detecting C compile features
[0.274s] -- Detecting C compile features - done
[0.278s] -- Detecting CXX compiler ABI info
[0.379s] -- Detecting CXX compiler ABI info - done
[0.387s] -- Check for working CXX compiler: /usr/bin/c++ - skipped
[0.387s] -- Detecting CXX compile features
[0.388s] -- Detecting CXX compile features - done
[0.390s] -- Found ament_cmake: 1.3.12 (/opt/ros/humble/share/ament_cmake/cmake)
[0.588s] -- Found Python3: /usr/bin/python3 (found version "3.10.12") found components: Interpreter 
[0.679s] -- Override CMake install command with custom implementation using symlinks instead of copying resources
[0.703s] -- Found rclcpp: 16.0.15 (/opt/ros/humble/share/rclcpp/cmake)
[0.752s] -- Found rosidl_generator_c: 3.1.7 (/opt/ros/humble/share/rosidl_generator_c/cmake)
[0.758s] -- Found rosidl_adapter: 3.1.7 (/opt/ros/humble/share/rosidl_adapter/cmake)
[0.768s] -- Found rosidl_generator_cpp: 3.1.7 (/opt/ros/humble/share/rosidl_generator_cpp/cmake)
[0.784s] -- Using all available rosidl_typesupport_c: rosidl_typesupport_fastrtps_c;rosidl_typesupport_introspection_c
[0.803s] -- Using all available rosidl_typesupport_cpp: rosidl_typesupport_fastrtps_cpp;rosidl_typesupport_introspection_cpp
[0.858s] -- Found rmw_implementation_cmake: 6.1.2 (/opt/ros/humble/share/rmw_implementation_cmake/cmake)
[0.861s] -- Found rmw_fastrtps_cpp: 6.2.9 (/opt/ros/humble/share/rmw_fastrtps_cpp/cmake)
[0.946s] -- Found OpenSSL: /usr/lib/aarch64-linux-gnu/libcrypto.so (found version "3.0.2")  
[0.980s] -- Found FastRTPS: /opt/ros/humble/include  
[1.036s] -- Using RMW implementation 'rmw_fastrtps_cpp' as default
[1.047s] -- Looking for pthread.h
[1.142s] -- Looking for pthread.h - found
[1.143s] -- Performing Test CMAKE_HAVE_LIBC_PTHREAD
[1.235s] -- Performing Test CMAKE_HAVE_LIBC_PTHREAD - Success
[1.235s] -- Found Threads: TRUE  
[1.303s] -- Found sensor_msgs: 4.9.0 (/opt/ros/humble/share/sensor_msgs/cmake)
[1.448s] -- Configuring done
[1.452s] -- Generating done
[1.456s] -- Build files have been written to: /root/ros_ws/build/exo_control
[1.468s] Invoked command in '/root/ros_ws/build/exo_control' returned '0': CMAKE_PREFIX_PATH=${CMAKE_PREFIX_PATH}:/opt/ros/humble /usr/bin/cmake /root/ros_ws/src/exo_control -DAMENT_CMAKE_SYMLINK_INSTALL=1 -DCMAKE_INSTALL_PREFIX=/root/ros_ws/install/exo_control
[1.471s] Invoking command in '/root/ros_ws/build/exo_control': CMAKE_PREFIX_PATH=${CMAKE_PREFIX_PATH}:/opt/ros/humble /usr/bin/cmake --build /root/ros_ws/build/exo_control -- -j4 -l4
[1.521s] [ 50%] [32mBuilding CXX object CMakeFiles/imu_node.dir/src/imu_node.cpp.o[0m
[7.055s] [100%] [32m[1mLinking CXX executable imu_node[0m
[7.363s] [100%] Built target imu_node
[7.377s] Invoked command in '/root/ros_ws/build/exo_control' returned '0': CMAKE_PREFIX_PATH=${CMAKE_PREFIX_PATH}:/opt/ros/humble /usr/bin/cmake --build /root/ros_ws/build/exo_control -- -j4 -l4
[7.387s] Invoking command in '/root/ros_ws/build/exo_control': CMAKE_PREFIX_PATH=${CMAKE_PREFIX_PATH}:/opt/ros/humble /usr/bin/cmake --install /root/ros_ws/build/exo_control
[7.394s] -- Install configuration: ""
[7.395s] -- Execute custom install script
[7.395s] -- Symlinking: /root/ros_ws/install/exo_control/lib/exo_control/imu_node
[7.405s] -- Symlinking: /root/ros_ws/install/exo_control/share/ament_index/resource_index/package_run_dependencies/exo_control
[7.414s] -- Symlinking: /root/ros_ws/install/exo_control/share/ament_index/resource_index/parent_prefix_path/exo_control
[7.422s] -- Symlinking: /root/ros_ws/install/exo_control/share/exo_control/environment/ament_prefix_path.sh
[7.431s] -- Symlinking: /root/ros_ws/install/exo_control/share/exo_control/environment/ament_prefix_path.dsv
[7.440s] -- Symlinking: /root/ros_ws/install/exo_control/share/exo_control/environment/path.sh
[7.449s] -- Symlinking: /root/ros_ws/install/exo_control/share/exo_control/environment/path.dsv
[7.458s] -- Symlinking: /root/ros_ws/install/exo_control/share/exo_control/local_setup.bash
[7.467s] -- Symlinking: /root/ros_ws/install/exo_control/share/exo_control/local_setup.sh
[7.477s] -- Symlinking: /root/ros_ws/install/exo_control/share/exo_control/local_setup.zsh
[7.487s] -- Symlinking: /root/ros_ws/install/exo_control/share/exo_control/local_setup.dsv
[7.496s] -- Symlinking: /root/ros_ws/install/exo_control/share/exo_control/package.dsv
[7.505s] -- Symlinking: /root/ros_ws/install/exo_control/share/ament_index/resource_index/packages/exo_control
[7.513s] -- Symlinking: /root/ros_ws/install/exo_control/share/exo_control/cmake/exo_controlConfig.cmake
[7.521s] -- Symlinking: /root/ros_ws/install/exo_control/share/exo_control/cmake/exo_controlConfig-version.cmake
[7.530s] -- Symlinking: /root/ros_ws/install/exo_control/share/exo_control/package.xml
[7.540s] Invoked command in '/root/ros_ws/build/exo_control' returned '0': CMAKE_PREFIX_PATH=${CMAKE_PREFIX_PATH}:/opt/ros/humble /usr/bin/cmake --install /root/ros_ws/build/exo_control
