[0.011s] Invoking command in '/root/ros_ws/build/gait_estimator': CMAKE_PREFIX_PATH=${CMAKE_PREFIX_PATH}:/opt/ros/humble /usr/bin/cmake /root/ros_ws/src/gait_estimator -DAMENT_CMAKE_SYMLINK_INSTALL=1 -DCMAKE_INSTALL_PREFIX=/root/ros_ws/install/gait_estimator
[0.082s] -- The C compiler identification is GNU 11.4.0
[0.160s] -- The CXX compiler identification is GNU 11.4.0
[0.167s] -- Detecting C compiler ABI info
[0.251s] -- Detecting C compiler ABI info - done
[0.262s] -- Check for working C compiler: /usr/bin/cc - skipped
[0.262s] -- Detecting C compile features
[0.262s] -- Detecting C compile features - done
[0.265s] -- Detecting CXX compiler ABI info
[0.365s] -- Detecting CXX compiler ABI info - done
[0.374s] -- Check for working CXX compiler: /usr/bin/c++ - skipped
[0.375s] -- Detecting CXX compile features
[0.376s] -- Detecting CXX compile features - done
[0.379s] -- Found ament_cmake: 1.3.12 (/opt/ros/humble/share/ament_cmake/cmake)
[0.578s] -- Found Python3: /usr/bin/python3 (found version "3.10.12") found components: Interpreter 
[0.671s] -- Override CMake install command with custom implementation using symlinks instead of copying resources
[0.696s] -- Found rclcpp: 16.0.15 (/opt/ros/humble/share/rclcpp/cmake)
[0.741s] -- Found rosidl_generator_c: 3.1.7 (/opt/ros/humble/share/rosidl_generator_c/cmake)
[0.747s] -- Found rosidl_adapter: 3.1.7 (/opt/ros/humble/share/rosidl_adapter/cmake)
[0.757s] -- Found rosidl_generator_cpp: 3.1.7 (/opt/ros/humble/share/rosidl_generator_cpp/cmake)
[0.771s] -- Using all available rosidl_typesupport_c: rosidl_typesupport_fastrtps_c;rosidl_typesupport_introspection_c
[0.793s] -- Using all available rosidl_typesupport_cpp: rosidl_typesupport_fastrtps_cpp;rosidl_typesupport_introspection_cpp
[0.845s] -- Found rmw_implementation_cmake: 6.1.2 (/opt/ros/humble/share/rmw_implementation_cmake/cmake)
[0.846s] -- Found rmw_fastrtps_cpp: 6.2.9 (/opt/ros/humble/share/rmw_fastrtps_cpp/cmake)
[0.932s] -- Found OpenSSL: /usr/lib/aarch64-linux-gnu/libcrypto.so (found version "3.0.2")  
[0.969s] -- Found FastRTPS: /opt/ros/humble/include  
[1.025s] -- Using RMW implementation 'rmw_fastrtps_cpp' as default
[1.036s] -- Looking for pthread.h
[1.132s] -- Looking for pthread.h - found
[1.133s] -- Performing Test CMAKE_HAVE_LIBC_PTHREAD
[1.220s] -- Performing Test CMAKE_HAVE_LIBC_PTHREAD - Success
[1.222s] -- Found Threads: TRUE  
[1.291s] -- Found sensor_msgs: 4.9.0 (/opt/ros/humble/share/sensor_msgs/cmake)
[1.430s] -- Configuring done
[1.441s] -- Generating done
[1.454s] -- Build files have been written to: /root/ros_ws/build/gait_estimator
[1.470s] Invoked command in '/root/ros_ws/build/gait_estimator' returned '0': CMAKE_PREFIX_PATH=${CMAKE_PREFIX_PATH}:/opt/ros/humble /usr/bin/cmake /root/ros_ws/src/gait_estimator -DAMENT_CMAKE_SYMLINK_INSTALL=1 -DCMAKE_INSTALL_PREFIX=/root/ros_ws/install/gait_estimator
[1.472s] Invoking command in '/root/ros_ws/build/gait_estimator': CMAKE_PREFIX_PATH=${CMAKE_PREFIX_PATH}:/opt/ros/humble /usr/bin/cmake --build /root/ros_ws/build/gait_estimator -- -j4 -l4
[1.521s] [ 50%] [32mBuilding CXX object CMakeFiles/gait_estimator.dir/src/gait_estimator.cpp.o[0m
[12.700s] [100%] [32m[1mLinking CXX executable gait_estimator[0m
[13.404s] [100%] Built target gait_estimator
[13.415s] Invoked command in '/root/ros_ws/build/gait_estimator' returned '0': CMAKE_PREFIX_PATH=${CMAKE_PREFIX_PATH}:/opt/ros/humble /usr/bin/cmake --build /root/ros_ws/build/gait_estimator -- -j4 -l4
[13.415s] Invoking command in '/root/ros_ws/build/gait_estimator': CMAKE_PREFIX_PATH=${CMAKE_PREFIX_PATH}:/opt/ros/humble /usr/bin/cmake --install /root/ros_ws/build/gait_estimator
[13.422s] -- Install configuration: ""
[13.422s] -- Execute custom install script
[13.423s] -- Symlinking: /root/ros_ws/install/gait_estimator/lib/gait_estimator/gait_estimator
[13.431s] -- Symlinking: /root/ros_ws/install/gait_estimator/share/ament_index/resource_index/package_run_dependencies/gait_estimator
[13.439s] -- Symlinking: /root/ros_ws/install/gait_estimator/share/ament_index/resource_index/parent_prefix_path/gait_estimator
[13.447s] -- Symlinking: /root/ros_ws/install/gait_estimator/share/gait_estimator/environment/ament_prefix_path.sh
[13.454s] -- Symlinking: /root/ros_ws/install/gait_estimator/share/gait_estimator/environment/ament_prefix_path.dsv
[13.463s] -- Symlinking: /root/ros_ws/install/gait_estimator/share/gait_estimator/environment/path.sh
[13.470s] -- Symlinking: /root/ros_ws/install/gait_estimator/share/gait_estimator/environment/path.dsv
[13.478s] -- Symlinking: /root/ros_ws/install/gait_estimator/share/gait_estimator/local_setup.bash
[13.486s] -- Symlinking: /root/ros_ws/install/gait_estimator/share/gait_estimator/local_setup.sh
[13.494s] -- Symlinking: /root/ros_ws/install/gait_estimator/share/gait_estimator/local_setup.zsh
[13.502s] -- Symlinking: /root/ros_ws/install/gait_estimator/share/gait_estimator/local_setup.dsv
[13.510s] -- Symlinking: /root/ros_ws/install/gait_estimator/share/gait_estimator/package.dsv
[13.518s] -- Symlinking: /root/ros_ws/install/gait_estimator/share/ament_index/resource_index/packages/gait_estimator
[13.527s] -- Symlinking: /root/ros_ws/install/gait_estimator/share/gait_estimator/cmake/gait_estimatorConfig.cmake
[13.535s] -- Symlinking: /root/ros_ws/install/gait_estimator/share/gait_estimator/cmake/gait_estimatorConfig-version.cmake
[13.543s] -- Symlinking: /root/ros_ws/install/gait_estimator/share/gait_estimator/package.xml
[13.552s] Invoked command in '/root/ros_ws/build/gait_estimator' returned '0': CMAKE_PREFIX_PATH=${CMAKE_PREFIX_PATH}:/opt/ros/humble /usr/bin/cmake --install /root/ros_ws/build/gait_estimator
